#
# There is insufficient memory for the Java Runtime Environment to continue.
# Native memory allocation (malloc) failed to allocate 703056 bytes. Error detail: Chunk::new
# Possible reasons:
#   The system is out of physical RAM or swap space
#   This process is running with CompressedOops enabled, and the Java Heap may be blocking the growth of the native heap
# Possible solutions:
#   Reduce memory load on the system
#   Increase physical memory or swap space
#   Check if swap backing store is full
#   Decrease Java heap size (-Xmx/-Xms)
#   Decrease number of Java threads
#   Decrease Java thread stack sizes (-Xss)
#   Set larger code cache with -XX:ReservedCodeCacheSize=
#   JVM is running with Zero Based Compressed Oops mode in which the Java heap is
#     placed in the first 32GB address space. The Java Heap base address is the
#     maximum limit for the native heap growth. Please use -XX:HeapBaseMinAddress
#     to set the Java Heap base and to place the Java Heap above 32GB virtual address.
# This output file may be truncated or incomplete.
#
#  Out of Memory Error (arena.cpp:162), pid=47848, tid=46332
#
# JRE version: OpenJDK Runtime Environment (24.0.1+9) (build 24.0.1+9-30)
# Java VM: OpenJDK 64-Bit Server VM (24.0.1+9-30, mixed mode, sharing, tiered, compressed oops, compressed class ptrs, g1 gc, windows-amd64)
# No core dump will be written. Minidumps are not enabled by default on client versions of Windows
#

---------------  S U M M A R Y ------------

Command Line: --module-path=D:\JavaFX\lib --add-modules=javafx.fxml,javafx.controls -javaagent:D:\IntelliJ IDEA 2023.2.4\lib\idea_rt.jar=55773:D:\IntelliJ IDEA 2023.2.4\bin -Dfile.encoding=UTF-8 -Dsun.stdout.encoding=UTF-8 -Dsun.stderr.encoding=UTF-8 application.Main

Host: AMD Ryzen 5 4500 6-Core Processor              , 12 cores, 15G,  Windows 11 , 64 bit Build 22621 (10.0.22621.5262)
Time: Fri May 30 17:53:08 2025 Hora oficial do Brasil elapsed time: 3359.895880 seconds (0d 0h 55m 59s)

---------------  T H R E A D  ---------------

Current thread (0x000001e3da1a4c60):  JavaThread "C2 CompilerThread0" daemon [_thread_in_native, id=46332, stack(0x0000009c02500000,0x0000009c02600000) (1024K)]


Current CompileTask:
C2:3359895 5094       4       com.sun.javafx.scene.EnteredExitedHandler::dispatchBubblingEvent (204 bytes)

Stack: [0x0000009c02500000,0x0000009c02600000]
Native frames: (J=compiled Java code, j=interpreted, Vv=VM code, C=native code)
V  [jvm.dll+0x730739]  (no source info available)
V  [jvm.dll+0x8d9b23]  (no source info available)
V  [jvm.dll+0x8dc00d]  (no source info available)
V  [jvm.dll+0x8dc683]  (no source info available)
V  [jvm.dll+0x2aa086]  (no source info available)
V  [jvm.dll+0xcedef]  (no source info available)
V  [jvm.dll+0xcf04f]  (no source info available)
V  [jvm.dll+0x154d83]  (no source info available)
V  [jvm.dll+0x735f5f]  (no source info available)
V  [jvm.dll+0x26fa1c]  (no source info available)
V  [jvm.dll+0x26ea3f]  (no source info available)
V  [jvm.dll+0x1e9d60]  (no source info available)
V  [jvm.dll+0x27e1fb]  (no source info available)
V  [jvm.dll+0x27c49a]  (no source info available)
V  [jvm.dll+0x42f456]  (no source info available)
V  [jvm.dll+0x87d76b]  (no source info available)
V  [jvm.dll+0x72ee55]  (no source info available)
C  [ucrtbase.dll+0x29333]  (no source info available)
C  [KERNEL32.DLL+0x1259d]  (no source info available)
C  [ntdll.dll+0x5af58]  (no source info available)

Lock stack of current Java thread (top to bottom):


---------------  P R O C E S S  ---------------

Threads class SMR info:
_java_thread_list=0x000001e4280321b0, length=20, elements={
0x000001e3ba63d5f0, 0x000001e3da1906c0, 0x000001e3da1912c0, 0x000001e3da193e30,
0x000001e3da196f60, 0x000001e3da197a90, 0x000001e3da198dd0, 0x000001e3da1a4c60,
0x000001e3da1acb40, 0x000001e3da26fcb0, 0x000001e3dadce800, 0x000001e4200eada0,
0x000001e42043ac70, 0x000001e420d35bf0, 0x000001e420cf9ec0, 0x000001e42092cb70,
0x000001e420955600, 0x000001e4286c8030, 0x000001e4286cac10, 0x000001e4286cb360
}

Java Threads: ( => current thread )
  0x000001e3ba63d5f0 JavaThread "main"                              [_thread_blocked, id=37268, stack(0x0000009c01700000,0x0000009c01800000) (1024K)]
  0x000001e3da1906c0 JavaThread "Reference Handler"          daemon [_thread_blocked, id=35440, stack(0x0000009c01f00000,0x0000009c02000000) (1024K)]
  0x000001e3da1912c0 JavaThread "Finalizer"                  daemon [_thread_blocked, id=37116, stack(0x0000009c02000000,0x0000009c02100000) (1024K)]
  0x000001e3da193e30 JavaThread "Signal Dispatcher"          daemon [_thread_blocked, id=29628, stack(0x0000009c02100000,0x0000009c02200000) (1024K)]
  0x000001e3da196f60 JavaThread "Attach Listener"            daemon [_thread_blocked, id=48068, stack(0x0000009c02200000,0x0000009c02300000) (1024K)]
  0x000001e3da197a90 JavaThread "Service Thread"             daemon [_thread_blocked, id=18052, stack(0x0000009c02300000,0x0000009c02400000) (1024K)]
  0x000001e3da198dd0 JavaThread "Monitor Deflation Thread"   daemon [_thread_blocked, id=35336, stack(0x0000009c02400000,0x0000009c02500000) (1024K)]
=>0x000001e3da1a4c60 JavaThread "C2 CompilerThread0"         daemon [_thread_in_native, id=46332, stack(0x0000009c02500000,0x0000009c02600000) (1024K)]
  0x000001e3da1acb40 JavaThread "C1 CompilerThread0"         daemon [_thread_blocked, id=34772, stack(0x0000009c02600000,0x0000009c02700000) (1024K)]
  0x000001e3da26fcb0 JavaThread "Common-Cleaner"             daemon [_thread_blocked, id=43664, stack(0x0000009c02700000,0x0000009c02800000) (1024K)]
  0x000001e3dadce800 JavaThread "Monitor Ctrl-Break"         daemon [_thread_in_native, id=39372, stack(0x0000009c02a00000,0x0000009c02b00000) (1024K)]
  0x000001e4200eada0 JavaThread "Notification Thread"        daemon [_thread_blocked, id=40392, stack(0x0000009c02b00000,0x0000009c02c00000) (1024K)]
  0x000001e42043ac70 JavaThread "QuantumRenderer-0"          daemon [_thread_blocked, id=46488, stack(0x0000009c02c00000,0x0000009c02d00000) (1024K)]
  0x000001e420d35bf0 JavaThread "InvokeLaterDispatcher"      daemon [_thread_blocked, id=46652, stack(0x0000009c02e00000,0x0000009c02f00000) (1024K)]
  0x000001e420cf9ec0 JavaThread "JavaFX Application Thread"         [_thread_in_native, id=39500, stack(0x0000009c02f00000,0x0000009c03000000) (1024K)]
  0x000001e42092cb70 JavaThread "JavaFX-Launcher"                   [_thread_blocked, id=41212, stack(0x0000009c03700000,0x0000009c03800000) (1024K)]
  0x000001e420955600 JavaThread "Thread-2"                   daemon [_thread_in_native, id=45760, stack(0x0000009c03600000,0x0000009c03700000) (1024K)]
  0x000001e4286c8030 JavaThread "Prism Font Disposer"        daemon [_thread_blocked, id=47764, stack(0x0000009c03d00000,0x0000009c03e00000) (1024K)]
  0x000001e4286cac10 JavaThread "mysql-cj-abandoned-connection-cleanup" daemon [_thread_blocked, id=36848, stack(0x0000009c02800000,0x0000009c02900000) (1024K)]
  0x000001e4286cb360 JavaThread "Cleaner-0"                  daemon [_thread_blocked, id=33104, stack(0x0000009c04540000,0x0000009c04640000) (1024K)]
Total: 20

Other Threads:
  0x000001e3da180de0 VMThread "VM Thread"                           [id=46668, stack(0x0000009c01e00000,0x0000009c01f00000) (1024K)]
  0x000001e3da174990 WatcherThread "VM Periodic Task Thread"        [id=47260, stack(0x0000009c01d00000,0x0000009c01e00000) (1024K)]
  0x000001e3ba6a61b0 WorkerThread "GC Thread#0"                     [id=23848, stack(0x0000009c01800000,0x0000009c01900000) (1024K)]
  0x000001e428cc6b60 WorkerThread "GC Thread#1"                     [id=44852, stack(0x0000009c03800000,0x0000009c03900000) (1024K)]
  0x000001e428a7c450 WorkerThread "GC Thread#2"                     [id=40456, stack(0x0000009c03900000,0x0000009c03a00000) (1024K)]
  0x000001e4286d0000 WorkerThread "GC Thread#3"                     [id=46472, stack(0x0000009c03a00000,0x0000009c03b00000) (1024K)]
  0x000001e4286d03b0 WorkerThread "GC Thread#4"                     [id=47536, stack(0x0000009c03b00000,0x0000009c03c00000) (1024K)]
  0x000001e428153b20 WorkerThread "GC Thread#5"                     [id=46876, stack(0x0000009c03c00000,0x0000009c03d00000) (1024K)]
  0x000001e4288c3640 WorkerThread "GC Thread#6"                     [id=46888, stack(0x0000009c03f00000,0x0000009c04000000) (1024K)]
  0x000001e4288c3290 WorkerThread "GC Thread#7"                     [id=40884, stack(0x0000009c04000000,0x0000009c04100000) (1024K)]
  0x000001e4288c2ee0 WorkerThread "GC Thread#8"                     [id=46032, stack(0x0000009c04100000,0x0000009c04200000) (1024K)]
  0x000001e4288c39f0 WorkerThread "GC Thread#9"                     [id=43468, stack(0x0000009c04200000,0x0000009c04300000) (1024K)]
  0x000001e3ba6baf80 ConcurrentGCThread "G1 Main Marker"            [id=39420, stack(0x0000009c01900000,0x0000009c01a00000) (1024K)]
  0x000001e3ba6bba90 WorkerThread "G1 Conc#0"                       [id=46812, stack(0x0000009c01a00000,0x0000009c01b00000) (1024K)]
  0x000001e420e712c0 WorkerThread "G1 Conc#1"                       [id=39012, stack(0x0000009c04300000,0x0000009c04400000) (1024K)]
  0x000001e420e74660 WorkerThread "G1 Conc#2"                       [id=40544, stack(0x0000009c04400000,0x0000009c04500000) (1024K)]
  0x000001e3da037010 ConcurrentGCThread "G1 Refine#0"               [id=36052, stack(0x0000009c01b00000,0x0000009c01c00000) (1024K)]
  0x000001e3da0379a0 ConcurrentGCThread "G1 Service"                [id=31976, stack(0x0000009c01c00000,0x0000009c01d00000) (1024K)]
Total: 18

Threads with active compile tasks:
C2 CompilerThread0  3359992 5094       4       com.sun.javafx.scene.EnteredExitedHandler::dispatchBubblingEvent (204 bytes)
Total: 1

VM state: not at safepoint (normal execution)

VM Mutex/Monitor currently owned by a thread: None

Heap address: 0x0000000702000000, size: 4064 MB, Compressed Oops mode: Zero based, Oop shift amount: 3

CDS archive(s) mapped at: [0x000001e3db000000-0x000001e3dbd40000-0x000001e3dbd40000), size 13893632, SharedBaseAddress: 0x000001e3db000000, ArchiveRelocationMode: 1.
Compressed class space mapped at: 0x000001e3dc000000-0x000001e41c000000, reserved size: 1073741824
UseCompressedClassPointers 1, UseCompactObjectHeaders 0
Narrow klass pointer bits 32, Max shift 3
Narrow klass base: 0x000001e3db000000, Narrow klass shift: 0
Encoding Range: [0x000001e3db000000 - 0x000001e4db000000), (4294967296 bytes)
Klass Range:    [0x000001e3db000000 - 0x000001e41c000000), (1090519040 bytes)
Klass ID Range:  [8 - 1090519033) (1090519025)

GC Precious Log:
 CardTable entry size: 512
 Card Set container configuration: InlinePtr #cards 4 size 8 Array Of Cards #cards 16 size 48 Howl #buckets 8 coarsen threshold 3686 Howl Bitmap #cards 512 size 80 coarsen threshold 460 Card regions per heap region 1 cards per card region 4096
 CPUs: 12 total, 12 available
 Memory: 16252M
 Large Page Support: Disabled
 NUMA Support: Disabled
 Compressed Oops: Enabled (Zero based)
 Heap Region Size: 2M
 Heap Min Capacity: 8M
 Heap Initial Capacity: 254M
 Heap Max Capacity: 4064M
 Pre-touch: Disabled
 Parallel Workers: 10
 Concurrent Workers: 3
 Concurrent Refinement Workers: 10
 Periodic GC: Disabled

Heap:
 garbage-first heap   total reserved 4161536K, committed 55296K, used 20309K [0x0000000702000000, 0x0000000800000000)
  region size 2048K, 4 young (8192K), 2 survivors (4096K)
 Metaspace       used 25601K, committed 25792K, reserved 1114112K
  class space    used 3174K, committed 3264K, reserved 1048576K

Heap Regions: E=young(eden), S=young(survivor), O=old, HS=humongous(starts), HC=humongous(continues), CS=collection set, F=free, TAMS=top-at-mark-start, PB=parsable bottom
|   0|0x0000000702000000, 0x0000000702200000, 0x0000000702200000|100%|HS|  |TAMS 0x0000000702000000| PB 0x0000000702000000| Complete |  0
|   1|0x0000000702200000, 0x0000000702400000, 0x0000000702400000|100%| O|  |TAMS 0x0000000702200000| PB 0x0000000702200000| Untracked |  0
|   2|0x0000000702400000, 0x0000000702600000, 0x0000000702600000|100%| O|  |TAMS 0x0000000702400000| PB 0x0000000702400000| Untracked |  0
|   3|0x0000000702600000, 0x0000000702800000, 0x0000000702800000|100%| O|  |TAMS 0x0000000702600000| PB 0x0000000702600000| Untracked |  1
|   4|0x0000000702800000, 0x0000000702a00000, 0x0000000702a00000|100%| O|  |TAMS 0x0000000702800000| PB 0x0000000702800000| Untracked |  0
|   5|0x0000000702a00000, 0x0000000702c00000, 0x0000000702c00000|100%| O|  |TAMS 0x0000000702a00000| PB 0x0000000702a00000| Untracked |  0
|   6|0x0000000702c00000, 0x0000000702e00000, 0x0000000702e00000|100%| O|  |TAMS 0x0000000702c00000| PB 0x0000000702c00000| Untracked |  0
|   7|0x0000000702e00000, 0x0000000702f28450, 0x0000000703000000| 57%| O|  |TAMS 0x0000000702e00000| PB 0x0000000702e00000| Untracked |  0
|   8|0x0000000703000000, 0x00000007030ad230, 0x0000000703200000| 33%| S|CS|TAMS 0x0000000703000000| PB 0x0000000703000000| Complete |  0
|   9|0x0000000703200000, 0x0000000703400000, 0x0000000703400000|100%| S|CS|TAMS 0x0000000703200000| PB 0x0000000703200000| Complete |  0
|  10|0x0000000703400000, 0x0000000703400000, 0x0000000703600000|  0%| F|  |TAMS 0x0000000703400000| PB 0x0000000703400000| Untracked |  0
|  11|0x0000000703600000, 0x0000000703600000, 0x0000000703800000|  0%| F|  |TAMS 0x0000000703600000| PB 0x0000000703600000| Untracked |  0
|  12|0x0000000703800000, 0x0000000703800000, 0x0000000703a00000|  0%| F|  |TAMS 0x0000000703800000| PB 0x0000000703800000| Untracked |  0
|  13|0x0000000703a00000, 0x0000000703a00000, 0x0000000703c00000|  0%| F|  |TAMS 0x0000000703a00000| PB 0x0000000703a00000| Untracked |  0
|  14|0x0000000703c00000, 0x0000000703c00000, 0x0000000703e00000|  0%| F|  |TAMS 0x0000000703c00000| PB 0x0000000703c00000| Untracked |  0
|  15|0x0000000703e00000, 0x0000000703e00000, 0x0000000704000000|  0%| F|  |TAMS 0x0000000703e00000| PB 0x0000000703e00000| Untracked |  0
|  16|0x0000000704000000, 0x0000000704000000, 0x0000000704200000|  0%| F|  |TAMS 0x0000000704000000| PB 0x0000000704000000| Untracked |  0
|  17|0x0000000704200000, 0x0000000704200000, 0x0000000704400000|  0%| F|  |TAMS 0x0000000704200000| PB 0x0000000704200000| Untracked |  0
|  18|0x0000000704400000, 0x0000000704400000, 0x0000000704600000|  0%| F|  |TAMS 0x0000000704400000| PB 0x0000000704400000| Untracked |  0
|  19|0x0000000704600000, 0x0000000704600000, 0x0000000704800000|  0%| F|  |TAMS 0x0000000704600000| PB 0x0000000704600000| Untracked |  0
|  95|0x000000070de00000, 0x000000070de00000, 0x000000070e000000|  0%| F|  |TAMS 0x000000070de00000| PB 0x000000070de00000| Untracked |  0
|  96|0x000000070e000000, 0x000000070e000000, 0x000000070e200000|  0%| F|  |TAMS 0x000000070e000000| PB 0x000000070e000000| Untracked |  0
|  97|0x000000070e200000, 0x000000070e200000, 0x000000070e400000|  0%| F|  |TAMS 0x000000070e200000| PB 0x000000070e200000| Untracked |  0
|  98|0x000000070e400000, 0x000000070e400000, 0x000000070e600000|  0%| F|  |TAMS 0x000000070e400000| PB 0x000000070e400000| Untracked |  0
|  99|0x000000070e600000, 0x000000070e600000, 0x000000070e800000|  0%| F|  |TAMS 0x000000070e600000| PB 0x000000070e600000| Untracked |  0
| 126|0x0000000711c00000, 0x0000000711c7aa98, 0x0000000711e00000| 23%| E|  |TAMS 0x0000000711c00000| PB 0x0000000711c00000| Complete |  0
|2031|0x00000007ffe00000, 0x0000000800000000, 0x0000000800000000|100%| E|CS|TAMS 0x00000007ffe00000| PB 0x00000007ffe00000| Complete |  0

Card table byte_map: [0x000001e3d2d30000,0x000001e3d3520000] _byte_map_base: 0x000001e3cf520000

Marking Bits: (CMBitMap*) 0x000001e3ba6a68c0
 Bits: [0x000001e3d3520000, 0x000001e3d74a0000)

Polling page: 0x000001e3b8490000

Metaspace:

Usage:
  Non-class:     21.90 MB used.
      Class:      3.10 MB used.
       Both:     25.00 MB used.

Virtual space:
  Non-class space:       64.00 MB reserved,      22.00 MB ( 34%) committed,  1 nodes.
      Class space:        1.00 GB reserved,       3.19 MB ( <1%) committed,  1 nodes.
             Both:        1.06 GB reserved,      25.19 MB (  2%) committed. 

Chunk freelists:
   Non-Class:  10.00 MB
       Class:  12.66 MB
        Both:  22.66 MB

MaxMetaspaceSize: unlimited
CompressedClassSpaceSize: 1.00 GB
Initial GC threshold: 21.00 MB
Current GC threshold: 35.25 MB
CDS: on
 - commit_granule_bytes: 65536.
 - commit_granule_words: 8192.
 - virtual_space_node_default_size: 8388608.
 - enlarge_chunks_in_place: 1.
UseCompressedClassPointers 1, UseCompactObjectHeaders 0
Narrow klass pointer bits 32, Max shift 3
Narrow klass base: 0x000001e3db000000, Narrow klass shift: 0
Encoding Range: [0x000001e3db000000 - 0x000001e4db000000), (4294967296 bytes)
Klass Range:    [0x000001e3db000000 - 0x000001e41c000000), (1090519040 bytes)
Klass ID Range:  [8 - 1090519033) (1090519025)


Internal statistics:

num_allocs_failed_limit: 3.
num_arena_births: 204.
num_arena_deaths: 0.
num_vsnodes_births: 2.
num_vsnodes_deaths: 0.
num_space_committed: 403.
num_space_uncommitted: 0.
num_chunks_returned_to_freelist: 3.
num_chunks_taken_from_freelist: 891.
num_chunk_merges: 3.
num_chunk_splits: 649.
num_chunks_enlarged: 532.
num_inconsistent_stats: 0.

CodeHeap 'non-profiled nmethods': size=120064Kb used=2216Kb max_used=2216Kb free=117848Kb
 bounds [0x000001e3ca9a0000, 0x000001e3cac10000, 0x000001e3d1ee0000]
CodeHeap 'profiled nmethods': size=120000Kb used=8844Kb max_used=8844Kb free=111155Kb
 bounds [0x000001e3c2ee0000, 0x000001e3c3790000, 0x000001e3ca410000]
CodeHeap 'non-nmethods': size=5696Kb used=1757Kb max_used=1863Kb free=3939Kb
 bounds [0x000001e3ca410000, 0x000001e3ca680000, 0x000001e3ca9a0000]
CodeCache: size=245760Kb, used=12817Kb, max_used=12923Kb, free=232942Kb
 total_blobs=6004, nmethods=5093, adapters=815, full_count=0
Compilation: enabled, stopped_count=0, restarted_count=0

Compilation events (20 events):
Event: 2337.386 Thread 0x000001e3da1acb40 nmethod 5083 0x000001e3cabc6f88 code [0x000001e3cabc7080, 0x000001e3cabc7148]
Event: 2339.417 Thread 0x000001e3da1acb40 5085       3       com.sun.javafx.tk.quantum.QuantumToolkit::postPulse (133 bytes)
Event: 2339.418 Thread 0x000001e3da1acb40 nmethod 5085 0x000001e3c3779b08 code [0x000001e3c3779e20, 0x000001e3c377b638]
Event: 2358.633 Thread 0x000001e3da1a4c60 5086  s    4       com.sun.javafx.tk.quantum.QuantumToolkit::pauseTimer (93 bytes)
Event: 2358.634 Thread 0x000001e3da1a4c60 nmethod 5086 0x000001e3cabc7288 code [0x000001e3cabc73a0, 0x000001e3cabc7818]
Event: 2419.289 Thread 0x000001e3da1a4c60 5087       4       com.sun.javafx.tk.quantum.QuantumToolkit::postPulse (133 bytes)
Event: 2419.298 Thread 0x000001e3da1a4c60 nmethod 5087 0x000001e3cabc7888 code [0x000001e3cabc7aa0, 0x000001e3cabc94e0]
Event: 2562.409 Thread 0x000001e3da1a4c60 5088       4       java.lang.ref.SoftReference::get (29 bytes)
Event: 2562.410 Thread 0x000001e3da1a4c60 nmethod 5088 0x000001e3cabc9708 code [0x000001e3cabc9800, 0x000001e3cabc9910]
Event: 3359.280 Thread 0x000001e3da1acb40 5089       3       javafx.scene.layout.Region::doComputeContains (445 bytes)
Event: 3359.281 Thread 0x000001e3da1acb40 nmethod 5089 0x000001e3c377b788 code [0x000001e3c377bc00, 0x000001e3c377ed30]
Event: 3359.281 Thread 0x000001e3da1acb40 5090       3       javafx.scene.layout.Region::getNormalizedFillCorner (54 bytes)
Event: 3359.282 Thread 0x000001e3da1acb40 nmethod 5090 0x000001e3c377ee88 code [0x000001e3c377f020, 0x000001e3c377fa40]
Event: 3359.282 Thread 0x000001e3da1acb40 5091       3       javafx.scene.layout.Region::contains (375 bytes)
Event: 3359.282 Thread 0x000001e3da1acb40 nmethod 5091 0x000001e3c377fa88 code [0x000001e3c377fc20, 0x000001e3c3780b00]
Event: 3359.733 Thread 0x000001e3da1a4c60 5092       4       javafx.scene.Parent::updateBounds (44 bytes)
Event: 3359.733 Thread 0x000001e3da1acb40 5093       3       javafx.scene.Parent::doUpdatePeer (265 bytes)
Event: 3359.734 Thread 0x000001e3da1acb40 nmethod 5093 0x000001e3c3780b88 code [0x000001e3c3780e60, 0x000001e3c37826c8]
Event: 3359.736 Thread 0x000001e3da1a4c60 nmethod 5092 0x000001e3cabc9a08 code [0x000001e3cabc9b80, 0x000001e3cabc9f70]
Event: 3359.865 Thread 0x000001e3da1a4c60 5094       4       com.sun.javafx.scene.EnteredExitedHandler::dispatchBubblingEvent (204 bytes)

GC Heap History (8 events):
Event: 0.780 GC heap before
{Heap before GC invocations=0 (full 0):
 garbage-first heap   total reserved 4161536K, committed 262144K, used 48240K [0x0000000702000000, 0x0000000800000000)
  region size 2048K, 24 young (49152K), 0 survivors (0K)
 Metaspace       used 7394K, committed 7552K, reserved 1114112K
  class space    used 718K, committed 768K, reserved 1048576K
}
Event: 0.784 GC heap after
{Heap after GC invocations=1 (full 0):
 garbage-first heap   total reserved 4161536K, committed 262144K, used 6832K [0x0000000702000000, 0x0000000800000000)
  region size 2048K, 3 young (6144K), 3 survivors (6144K)
 Metaspace       used 7394K, committed 7552K, reserved 1114112K
  class space    used 718K, committed 768K, reserved 1048576K
}
Event: 2.836 GC heap before
{Heap before GC invocations=1 (full 0):
 garbage-first heap   total reserved 4161536K, committed 262144K, used 51888K [0x0000000702000000, 0x0000000800000000)
  region size 2048K, 27 young (55296K), 3 survivors (6144K)
 Metaspace       used 21313K, committed 21504K, reserved 1114112K
  class space    used 2627K, committed 2688K, reserved 1048576K
}
Event: 2.841 GC heap after
{Heap after GC invocations=2 (full 0):
 garbage-first heap   total reserved 4161536K, committed 262144K, used 11376K [0x0000000702000000, 0x0000000800000000)
  region size 2048K, 5 young (10240K), 5 survivors (10240K)
 Metaspace       used 21313K, committed 21504K, reserved 1114112K
  class space    used 2627K, committed 2688K, reserved 1048576K
}
Event: 15.655 GC heap before
{Heap before GC invocations=3 (full 0):
 garbage-first heap   total reserved 4161536K, committed 40960K, used 40048K [0x0000000702000000, 0x0000000800000000)
  region size 2048K, 18 young (36864K), 5 survivors (10240K)
 Metaspace       used 24508K, committed 24704K, reserved 1114112K
  class space    used 3137K, committed 3200K, reserved 1048576K
}
Event: 15.662 GC heap after
{Heap after GC invocations=4 (full 0):
 garbage-first heap   total reserved 4161536K, committed 55296K, used 16227K [0x0000000702000000, 0x0000000800000000)
  region size 2048K, 7 young (14336K), 7 survivors (14336K)
 Metaspace       used 24508K, committed 24704K, reserved 1114112K
  class space    used 3137K, committed 3200K, reserved 1048576K
}
Event: 172.026 GC heap before
{Heap before GC invocations=4 (full 0):
 garbage-first heap   total reserved 4161536K, committed 55296K, used 34659K [0x0000000702000000, 0x0000000800000000)
  region size 2048K, 16 young (32768K), 7 survivors (14336K)
 Metaspace       used 25577K, committed 25792K, reserved 1114112K
  class space    used 3174K, committed 3264K, reserved 1048576K
}
Event: 172.034 GC heap after
{Heap after GC invocations=5 (full 0):
 garbage-first heap   total reserved 4161536K, committed 55296K, used 18261K [0x0000000702000000, 0x0000000800000000)
  region size 2048K, 2 young (4096K), 2 survivors (4096K)
 Metaspace       used 25577K, committed 25792K, reserved 1114112K
  class space    used 3174K, committed 3264K, reserved 1048576K
}

Dll operation events (20 events):
Event: 0.225 Loaded shared library D:\JavaFX\bin\api-ms-win-crt-math-l1-1-0.dll
Event: 0.226 Loaded shared library D:\JavaFX\bin\api-ms-win-crt-multibyte-l1-1-0.dll
Event: 0.227 Loaded shared library D:\JavaFX\bin\api-ms-win-crt-private-l1-1-0.dll
Event: 0.228 Loaded shared library D:\JavaFX\bin\api-ms-win-crt-process-l1-1-0.dll
Event: 0.229 Loaded shared library D:\JavaFX\bin\api-ms-win-crt-runtime-l1-1-0.dll
Event: 0.230 Loaded shared library D:\JavaFX\bin\api-ms-win-crt-stdio-l1-1-0.dll
Event: 0.231 Loaded shared library D:\JavaFX\bin\api-ms-win-crt-string-l1-1-0.dll
Event: 0.232 Loaded shared library D:\JavaFX\bin\api-ms-win-crt-time-l1-1-0.dll
Event: 0.233 Loaded shared library D:\JavaFX\bin\api-ms-win-crt-utility-l1-1-0.dll
Event: 0.234 Loaded shared library D:\JavaFX\bin\ucrtbase.dll
Event: 0.235 Loaded shared library D:\JavaFX\bin\vcruntime140.dll
Event: 0.236 Loaded shared library D:\JavaFX\bin\vcruntime140_1.dll
Event: 0.237 Loaded shared library D:\JavaFX\bin\msvcp140.dll
Event: 0.238 Loaded shared library D:\JavaFX\bin\msvcp140_1.dll
Event: 0.239 Loaded shared library D:\JavaFX\bin\msvcp140_2.dll
Event: 0.266 Loaded shared library D:\JavaFX\bin\prism_d3d.dll
Event: 0.315 Loaded shared library D:\JavaFX\bin\glass.dll
Event: 0.493 Loaded shared library C:\Users\Florido\.jdks\openjdk-24.0.1\bin\jimage.dll
Event: 0.712 Loaded shared library D:\JavaFX\bin\javafx_font.dll
Event: 1.916 Loaded shared library C:\Users\Florido\.jdks\openjdk-24.0.1\bin\sunmscapi.dll

Deoptimization events (20 events):
Event: 1369.689 Thread 0x000001e420cf9ec0 Uncommon trap: trap_request=0xffffffd6 fr.pc=0x000001e3cab9c294 relative=0x0000000000001d94
Event: 1369.689 Thread 0x000001e420cf9ec0 Uncommon trap: reason=array_check action=maybe_recompile pc=0x000001e3cab9c294 method=com.sun.javafx.css.StyleCacheEntry$Key.<init>([Ljava/util/Set;Ljavafx/scene/text/Font;)V @ 38 c2
Event: 1369.689 Thread 0x000001e420cf9ec0 DEOPT PACKING pc=0x000001e3cab9c294 sp=0x0000009c02ffe370
Event: 1369.689 Thread 0x000001e420cf9ec0 DEOPT UNPACKING pc=0x000001e3ca524102 sp=0x0000009c02ffe280 mode 2
Event: 1369.753 Thread 0x000001e420cf9ec0 Uncommon trap: trap_request=0xffffffd6 fr.pc=0x000001e3cab9c294 relative=0x0000000000001d94
Event: 1369.753 Thread 0x000001e420cf9ec0 Uncommon trap: reason=array_check action=maybe_recompile pc=0x000001e3cab9c294 method=com.sun.javafx.css.StyleCacheEntry$Key.<init>([Ljava/util/Set;Ljavafx/scene/text/Font;)V @ 38 c2
Event: 1369.753 Thread 0x000001e420cf9ec0 DEOPT PACKING pc=0x000001e3cab9c294 sp=0x0000009c02ffe490
Event: 1369.753 Thread 0x000001e420cf9ec0 DEOPT UNPACKING pc=0x000001e3ca524102 sp=0x0000009c02ffe3a0 mode 2
Event: 1369.753 Thread 0x000001e420cf9ec0 Uncommon trap: trap_request=0xffffffd6 fr.pc=0x000001e3cab9c294 relative=0x0000000000001d94
Event: 1369.753 Thread 0x000001e420cf9ec0 Uncommon trap: reason=array_check action=maybe_recompile pc=0x000001e3cab9c294 method=com.sun.javafx.css.StyleCacheEntry$Key.<init>([Ljava/util/Set;Ljavafx/scene/text/Font;)V @ 38 c2
Event: 1369.753 Thread 0x000001e420cf9ec0 DEOPT PACKING pc=0x000001e3cab9c294 sp=0x0000009c02ffe450
Event: 1369.753 Thread 0x000001e420cf9ec0 DEOPT UNPACKING pc=0x000001e3ca524102 sp=0x0000009c02ffe360 mode 2
Event: 1370.143 Thread 0x000001e420cf9ec0 Uncommon trap: trap_request=0xffffff4d fr.pc=0x000001e3cabbc860 relative=0x0000000000001fa0
Event: 1370.143 Thread 0x000001e420cf9ec0 Uncommon trap: reason=unstable_if action=reinterpret pc=0x000001e3cabbc860 method=com.sun.javafx.geom.RoundRectangle2D.isEmpty()Z @ 6 c2
Event: 1370.143 Thread 0x000001e420cf9ec0 DEOPT PACKING pc=0x000001e3cabbc860 sp=0x0000009c02ffd890
Event: 1370.143 Thread 0x000001e420cf9ec0 DEOPT UNPACKING pc=0x000001e3ca524102 sp=0x0000009c02ffd200 mode 2
Event: 2337.385 Thread 0x000001e420955600 Uncommon trap: trap_request=0xffffff4d fr.pc=0x000001e3cab7ad68 relative=0x0000000000000ac8
Event: 2337.385 Thread 0x000001e420955600 Uncommon trap: reason=unstable_if action=reinterpret pc=0x000001e3cab7ad68 method=com.sun.javafx.tk.quantum.QuantumToolkit.postPulse()V @ 98 c2
Event: 2337.385 Thread 0x000001e420955600 DEOPT PACKING pc=0x000001e3cab7ad68 sp=0x0000009c036ff070
Event: 2337.385 Thread 0x000001e420955600 DEOPT UNPACKING pc=0x000001e3ca524102 sp=0x0000009c036ff048 mode 2

Classes loaded (20 events):
Event: 3.046 Loading class java/nio/FloatBuffer
Event: 3.046 Loading class java/nio/FloatBuffer done
Event: 3.046 Loading class java/nio/DoubleBuffer
Event: 3.046 Loading class java/nio/DoubleBuffer done
Event: 3.047 Loading class java/nio/DirectFloatBufferU
Event: 3.047 Loading class java/nio/DirectFloatBufferU done
Event: 3.052 Loading class java/lang/FdLibm$Atan2
Event: 3.052 Loading class java/lang/FdLibm$Atan2 done
Event: 3.052 Loading class java/lang/FdLibm
Event: 3.052 Loading class java/lang/FdLibm done
Event: 14.833 Loading class java/util/EnumMap$Values
Event: 14.833 Loading class java/util/EnumMap$Values done
Event: 14.833 Loading class java/util/EnumMap$ValueIterator
Event: 14.833 Loading class java/util/EnumMap$EnumMapIterator
Event: 14.833 Loading class java/util/EnumMap$EnumMapIterator done
Event: 14.833 Loading class java/util/EnumMap$ValueIterator done
Event: 15.679 Loading class java/lang/FdLibm$Hypot
Event: 15.679 Loading class java/lang/FdLibm$Hypot done
Event: 87.596 Loading class java/util/RegularEnumSet$EnumSetIterator
Event: 87.596 Loading class java/util/RegularEnumSet$EnumSetIterator done

Classes unloaded (0 events):
No events

Classes redefined (0 events):
No events

Internal exceptions (20 events):
Event: 1.129 Thread 0x000001e420cf9ec0 Exception <a 'java/lang/NoSuchMethodError'{0x000000070ff60928}: 'java.lang.Object java.lang.invoke.DirectMethodHandle$Holder.newInvokeSpecial(java.lang.Object, java.lang.Object, int)'> (0x000000070ff60928) 
thrown [s\open\src\hotspot\share\interpreter\linkResolver.cpp, line 805]
Event: 1.305 Thread 0x000001e420cf9ec0 Exception <a 'java/lang/NoSuchMethodError'{0x000000070fc44bc8}: 'java.lang.Object java.lang.invoke.DirectMethodHandle$Holder.invokeInterface(java.lang.Object, java.lang.Object)'> (0x000000070fc44bc8) 
thrown [s\open\src\hotspot\share\interpreter\linkResolver.cpp, line 805]
Event: 1.328 Thread 0x000001e420cf9ec0 Exception <a 'java/lang/NoSuchMethodError'{0x000000070faf8558}: 'java.lang.Object java.lang.invoke.DirectMethodHandle$Holder.invokeVirtual(java.lang.Object, java.lang.Object, java.lang.Object)'> (0x000000070faf8558) 
thrown [s\open\src\hotspot\share\interpreter\linkResolver.cpp, line 805]
Event: 1.874 Thread 0x000001e420cf9ec0 Exception <a 'sun/nio/fs/WindowsException'{0x000000070f23dbb0}> (0x000000070f23dbb0) 
thrown [s\open\src\hotspot\share\prims\jni.cpp, line 518]
Event: 1.897 Thread 0x000001e420cf9ec0 Exception <a 'java/lang/NoSuchMethodError'{0x000000070f2e65a8}: 'java.lang.Object java.lang.invoke.DirectMethodHandle$Holder.invokeStaticInit(java.lang.Object, int, int, int, int)'> (0x000000070f2e65a8) 
thrown [s\open\src\hotspot\share\interpreter\linkResolver.cpp, line 805]
Event: 1.905 Thread 0x000001e420cf9ec0 Exception <a 'java/lang/NoSuchMethodError'{0x000000070f32f8b0}: 'java.lang.Object java.lang.invoke.DirectMethodHandle$Holder.invokeStaticInit(java.lang.Object, java.lang.Object, int, int, int, int)'> (0x000000070f32f8b0) 
thrown [s\open\src\hotspot\share\interpreter\linkResolver.cpp, line 805]
Event: 2.139 Thread 0x000001e420cf9ec0 Exception <a 'java/lang/NoSuchMethodError'{0x000000070f0ce7a8}: 'void java.lang.invoke.DirectMethodHandle$Holder.invokeVirtual(java.lang.Object, java.lang.Object)'> (0x000000070f0ce7a8) 
thrown [s\open\src\hotspot\share\interpreter\linkResolver.cpp, line 805]
Event: 2.286 Thread 0x000001e420cf9ec0 Exception <a 'java/lang/NoSuchMethodError'{0x000000070f191880}: 'java.lang.Object java.lang.invoke.Invokers$Holder.invoke_MT(java.lang.Object, java.lang.Object, java.lang.Object, java.lang.Object, java.lang.Object, java.lang.Object)'> (0x000000070f191880) 
thrown [s\open\src\hotspot\share\interpreter\linkResolver.cpp, line 805]
Event: 2.287 Thread 0x000001e420cf9ec0 Exception <a 'java/lang/NoSuchMethodError'{0x000000070f19b050}: 'java.lang.Object java.lang.invoke.DirectMethodHandle$Holder.invokeStatic(java.lang.Object, java.lang.Object, int)'> (0x000000070f19b050) 
thrown [s\open\src\hotspot\share\interpreter\linkResolver.cpp, line 805]
Event: 2.288 Thread 0x000001e420cf9ec0 Exception <a 'java/lang/NoSuchMethodError'{0x000000070f1ac7f0}: 'void java.lang.invoke.DirectMethodHandle$Holder.invokeStatic(java.lang.Object, java.lang.Object, int, java.lang.Object)'> (0x000000070f1ac7f0) 
thrown [s\open\src\hotspot\share\interpreter\linkResolver.cpp, line 805]
Event: 2.289 Thread 0x000001e420cf9ec0 Exception <a 'java/lang/NoSuchMethodError'{0x000000070f1bcb08}: 'void java.lang.invoke.DelegatingMethodHandle$Holder.delegate(java.lang.Object, java.lang.Object, int, java.lang.Object)'> (0x000000070f1bcb08) 
thrown [s\open\src\hotspot\share\interpreter\linkResolver.cpp, line 805]
Event: 2.847 Thread 0x000001e420cf9ec0 Exception <a 'java/lang/NoSuchMethodError'{0x0000000711c0a468}: 'void java.lang.invoke.DirectMethodHandle$Holder.invokeInterface(java.lang.Object, java.lang.Object)'> (0x0000000711c0a468) 
thrown [s\open\src\hotspot\share\interpreter\linkResolver.cpp, line 805]
Event: 2.868 Thread 0x000001e420cf9ec0 Exception <a 'java/lang/NoSuchMethodError'{0x00000007039575d8}: 'double java.lang.invoke.DirectMethodHandle$Holder.invokeVirtual(java.lang.Object, java.lang.Object)'> (0x00000007039575d8) 
thrown [s\open\src\hotspot\share\interpreter\linkResolver.cpp, line 805]
Event: 2.869 Thread 0x000001e420cf9ec0 Exception <a 'java/lang/NoSuchMethodError'{0x00000007039682e8}: 'double java.lang.invoke.DelegatingMethodHandle$Holder.reinvoke_L(java.lang.Object, java.lang.Object)'> (0x00000007039682e8) 
thrown [s\open\src\hotspot\share\interpreter\linkResolver.cpp, line 805]
Event: 3.001 Thread 0x000001e42043ac70 Exception <a 'java/lang/NoSuchMethodError'{0x0000000703328870}: 'int java.lang.invoke.DirectMethodHandle$Holder.invokeStaticInit(java.lang.Object, java.lang.Object)'> (0x0000000703328870) 
thrown [s\open\src\hotspot\share\interpreter\linkResolver.cpp, line 805]
Event: 15.522 Thread 0x000001e420cf9ec0 Exception <a 'java/lang/NoSuchMethodError'{0x0000000702ae0ec8}: 'long java.lang.invoke.DirectMethodHandle$Holder.invokeStaticInit(java.lang.Object, java.lang.Object, java.lang.Object)'> (0x0000000702ae0ec8) 
thrown [s\open\src\hotspot\share\interpreter\linkResolver.cpp, line 805]
Event: 15.557 Thread 0x000001e420cf9ec0 Implicit null exception at 0x000001e3caae0bce to 0x000001e3caae0c54
Event: 15.647 Thread 0x000001e420cf9ec0 Exception <a 'java/lang/NoSuchMethodError'{0x000000070233e878}: 'void java.lang.invoke.DirectMethodHandle$Holder.invokeSpecial(java.lang.Object, java.lang.Object, java.lang.Object, java.lang.Object, java.lang.Object, java.lang.Object)'> (0x000000070233e878) 
thrown [s\open\src\hotspot\share\interpreter\linkResolver.cpp, line 805]
Event: 88.785 Thread 0x000001e420cf9ec0 Implicit null exception at 0x000001e3cab6a673 to 0x000001e3cab6afc0
Event: 88.785 Thread 0x000001e420cf9ec0 Implicit null exception at 0x000001e3cab358ca to 0x000001e3cab35f74

VM Operations (20 events):
Event: 67.610 Executing VM operation: HandshakeAllThreads (Deoptimize)
Event: 67.610 Executing VM operation: HandshakeAllThreads (Deoptimize) done
Event: 120.237 Executing VM operation: HandshakeAllThreads (HandshakeForDeflation)
Event: 120.237 Executing VM operation: HandshakeAllThreads (HandshakeForDeflation) done
Event: 120.237 Executing VM operation: RendezvousGCThreads
Event: 120.237 Executing VM operation: RendezvousGCThreads done
Event: 172.026 Executing VM operation: G1CollectForAllocation (G1 Evacuation Pause)
Event: 172.034 Executing VM operation: G1CollectForAllocation (G1 Evacuation Pause) done
Event: 180.329 Executing VM operation: HandshakeAllThreads (HandshakeForDeflation)
Event: 180.329 Executing VM operation: HandshakeAllThreads (HandshakeForDeflation) done
Event: 180.329 Executing VM operation: RendezvousGCThreads
Event: 180.329 Executing VM operation: RendezvousGCThreads done
Event: 1382.360 Executing VM operation: HandshakeAllThreads (HandshakeForDeflation)
Event: 1382.360 Executing VM operation: HandshakeAllThreads (HandshakeForDeflation) done
Event: 1382.360 Executing VM operation: RendezvousGCThreads
Event: 1382.360 Executing VM operation: RendezvousGCThreads done
Event: 2343.973 Executing VM operation: HandshakeAllThreads (HandshakeForDeflation)
Event: 2343.973 Executing VM operation: HandshakeAllThreads (HandshakeForDeflation) done
Event: 2343.973 Executing VM operation: RendezvousGCThreads
Event: 2343.973 Executing VM operation: RendezvousGCThreads done

Memory protections (0 events):
No events

Nmethod flushes (0 events):
No events

Events (20 events):
Event: 1.515 Thread 0x000001e3da1ab490 Thread exited: 0x000001e3da1ab490
Event: 1.971 Thread 0x000001e3da1a4c60 Thread added: 0x000001e3da1ae1f0
Event: 1.974 Thread 0x000001e3da1acb40 Thread added: 0x000001e3da1ab490
Event: 2.285 Thread 0x000001e3da1ab490 Thread exited: 0x000001e3da1ab490
Event: 2.286 Thread 0x000001e3da1ae1f0 Thread exited: 0x000001e3da1ae1f0
Event: 2.830 Thread 0x000001e3da1acb40 Thread added: 0x000001e3da1ac3b0
Event: 2.831 Thread 0x000001e3da1acb40 Thread added: 0x000001e3da1ad2d0
Event: 3.024 Thread 0x000001e42043ac70 Thread added: 0x000001e4286cb360
Event: 4.521 Thread 0x000001e3da1ad2d0 Thread exited: 0x000001e3da1ad2d0
Event: 4.521 Thread 0x000001e3da1ac3b0 Thread exited: 0x000001e3da1ac3b0
Event: 15.593 Thread 0x000001e3da1acb40 Thread added: 0x000001e3da1ada60
Event: 15.593 Thread 0x000001e3da1acb40 Thread added: 0x000001e3da1ad2d0
Event: 16.051 Thread 0x000001e3da1ada60 Thread exited: 0x000001e3da1ada60
Event: 16.051 Thread 0x000001e3da1ad2d0 Thread exited: 0x000001e3da1ad2d0
Event: 24.320 Thread 0x000001e3da1a4c60 Thread added: 0x000001e3da1ac3b0
Event: 24.617 Thread 0x000001e3da1ac3b0 Thread exited: 0x000001e3da1ac3b0
Event: 86.950 Thread 0x000001e3da1acb40 Thread added: 0x000001e3da1ab490
Event: 87.082 Thread 0x000001e3da1ab490 Thread exited: 0x000001e3da1ab490
Event: 88.768 Thread 0x000001e3da1acb40 Thread added: 0x000001e3da1ad2d0
Event: 94.003 Thread 0x000001e3da1ad2d0 Thread exited: 0x000001e3da1ad2d0


Dynamic libraries:
0x00007ff6e8e90000 - 0x00007ff6e8e9e000 	C:\Users\Florido\.jdks\openjdk-24.0.1\bin\java.exe
0x00007ffc1fd50000 - 0x00007ffc1ff67000 	C:\Windows\SYSTEM32\ntdll.dll
0x00007ffc1ec50000 - 0x00007ffc1ed14000 	C:\Windows\System32\KERNEL32.DLL
0x00007ffc1d290000 - 0x00007ffc1d663000 	C:\Windows\System32\KERNELBASE.dll
0x00007ffc1d710000 - 0x00007ffc1d821000 	C:\Windows\System32\ucrtbase.dll
0x00007ffbebdb0000 - 0x00007ffbebdc6000 	C:\Users\Florido\.jdks\openjdk-24.0.1\bin\jli.dll
0x00007ffbf3450000 - 0x00007ffbf346b000 	C:\Users\Florido\.jdks\openjdk-24.0.1\bin\VCRUNTIME140.dll
0x00007ffc1ef50000 - 0x00007ffc1f101000 	C:\Windows\System32\USER32.dll
0x00007ffc1cf80000 - 0x00007ffc1cfa6000 	C:\Windows\System32\win32u.dll
0x00007ffc0a370000 - 0x00007ffc0a60b000 	C:\Windows\WinSxS\amd64_microsoft.windows.common-controls_6595b64144ccf1df_6.0.22621.5262_none_2712bde373830908\COMCTL32.dll
0x00007ffc1e070000 - 0x00007ffc1e099000 	C:\Windows\System32\GDI32.dll
0x00007ffc1d830000 - 0x00007ffc1d952000 	C:\Windows\System32\gdi32full.dll
0x00007ffc1fb50000 - 0x00007ffc1fbf7000 	C:\Windows\System32\msvcrt.dll
0x00007ffc1d670000 - 0x00007ffc1d70a000 	C:\Windows\System32\msvcp_win.dll
0x00007ffc1eef0000 - 0x00007ffc1ef21000 	C:\Windows\System32\IMM32.DLL
0x00007ffbf3550000 - 0x00007ffbf355c000 	C:\Users\Florido\.jdks\openjdk-24.0.1\bin\vcruntime140_1.dll
0x00007ffbeb640000 - 0x00007ffbeb6ce000 	C:\Users\Florido\.jdks\openjdk-24.0.1\bin\msvcp140.dll
0x00007ffb73490000 - 0x00007ffb74232000 	C:\Users\Florido\.jdks\openjdk-24.0.1\bin\server\jvm.dll
0x00007ffc1de80000 - 0x00007ffc1df31000 	C:\Windows\System32\ADVAPI32.dll
0x00007ffc1f120000 - 0x00007ffc1f1c7000 	C:\Windows\System32\sechost.dll
0x00007ffc1d120000 - 0x00007ffc1d148000 	C:\Windows\System32\bcrypt.dll
0x00007ffc1e740000 - 0x00007ffc1e854000 	C:\Windows\System32\RPCRT4.dll
0x00007ffc1f1d0000 - 0x00007ffc1f241000 	C:\Windows\System32\WS2_32.dll
0x00007ffc1cd10000 - 0x00007ffc1cd5d000 	C:\Windows\SYSTEM32\POWRPROF.dll
0x00007ffc19a20000 - 0x00007ffc19a2a000 	C:\Windows\SYSTEM32\VERSION.dll
0x00007ffc139a0000 - 0x00007ffc139d4000 	C:\Windows\SYSTEM32\WINMM.dll
0x00007ffc1cc40000 - 0x00007ffc1cc53000 	C:\Windows\SYSTEM32\UMPDC.dll
0x00007ffc1be80000 - 0x00007ffc1be98000 	C:\Windows\SYSTEM32\kernel.appcore.dll
0x00007ffbf32b0000 - 0x00007ffbf32ba000 	C:\Users\Florido\.jdks\openjdk-24.0.1\bin\jimage.dll
0x00007ffc12ee0000 - 0x00007ffc13112000 	C:\Windows\SYSTEM32\DBGHELP.DLL
0x00007ffc1e3a0000 - 0x00007ffc1e733000 	C:\Windows\System32\combase.dll
0x00007ffc1e0a0000 - 0x00007ffc1e177000 	C:\Windows\System32\OLEAUT32.dll
0x00007ffbfdec0000 - 0x00007ffbfdef2000 	C:\Windows\SYSTEM32\dbgcore.DLL
0x00007ffc1d960000 - 0x00007ffc1d9db000 	C:\Windows\System32\bcryptPrimitives.dll
0x00007ffbeb820000 - 0x00007ffbeb82f000 	C:\Users\Florido\.jdks\openjdk-24.0.1\bin\instrument.dll
0x00007ffbf3290000 - 0x00007ffbf32ae000 	C:\Users\Florido\.jdks\openjdk-24.0.1\bin\java.dll
0x00007ffc1e180000 - 0x00007ffc1e321000 	C:\Windows\System32\ole32.dll
0x00007ffc1f2b0000 - 0x00007ffc1fb4d000 	C:\Windows\System32\SHELL32.dll
0x00007ffc1d150000 - 0x00007ffc1d28f000 	C:\Windows\System32\wintypes.dll
0x00007ffc1ad80000 - 0x00007ffc1b69d000 	C:\Windows\SYSTEM32\windows.storage.dll
0x00007ffc1df40000 - 0x00007ffc1e04b000 	C:\Windows\System32\SHCORE.dll
0x00007ffc1fca0000 - 0x00007ffc1fd06000 	C:\Windows\System32\shlwapi.dll
0x00007ffc1cd70000 - 0x00007ffc1cd9b000 	C:\Windows\SYSTEM32\profapi.dll
0x00007ffbdb3d0000 - 0x00007ffbdb4a7000 	C:\Users\Florido\.jdks\openjdk-24.0.1\bin\jsvml.dll
0x00007ffbefab0000 - 0x00007ffbefac0000 	C:\Users\Florido\.jdks\openjdk-24.0.1\bin\net.dll
0x00007ffc1c300000 - 0x00007ffc1c36a000 	C:\Windows\system32\mswsock.dll
0x00007ffbeb620000 - 0x00007ffbeb636000 	C:\Users\Florido\.jdks\openjdk-24.0.1\bin\nio.dll
0x00007ffbeb600000 - 0x00007ffbeb617000 	C:\Users\Florido\.jdks\openjdk-24.0.1\bin\zip.dll
0x00007ffbeb780000 - 0x00007ffbeb79a000 	D:\IntelliJ IDEA 2023.2.4\bin\breakgen64.dll
0x00007ffbed270000 - 0x00007ffbed279000 	C:\Users\Florido\.jdks\openjdk-24.0.1\bin\extnet.dll
0x000001e3ba5c0000 - 0x000001e3ba5c4000 	D:\JavaFX\bin\api-ms-win-core-console-l1-1-0.dll
0x000001e3ba5d0000 - 0x000001e3ba5d4000 	D:\JavaFX\bin\api-ms-win-core-console-l1-2-0.dll
0x000001e3ba5e0000 - 0x000001e3ba5e4000 	D:\JavaFX\bin\api-ms-win-core-datetime-l1-1-0.dll
0x000001e3ba5f0000 - 0x000001e3ba5f4000 	D:\JavaFX\bin\api-ms-win-core-debug-l1-1-0.dll
0x000001e3dadd0000 - 0x000001e3dadd4000 	D:\JavaFX\bin\api-ms-win-core-errorhandling-l1-1-0.dll
0x000001e3dade0000 - 0x000001e3dade5000 	D:\JavaFX\bin\api-ms-win-core-file-l1-1-0.dll
0x000001e3dadf0000 - 0x000001e3dadf4000 	D:\JavaFX\bin\api-ms-win-core-file-l1-2-0.dll
0x000001e3dae00000 - 0x000001e3dae04000 	D:\JavaFX\bin\api-ms-win-core-file-l2-1-0.dll
0x000001e3dae10000 - 0x000001e3dae14000 	D:\JavaFX\bin\api-ms-win-core-handle-l1-1-0.dll
0x000001e3dae20000 - 0x000001e3dae24000 	D:\JavaFX\bin\api-ms-win-core-heap-l1-1-0.dll
0x000001e3dae30000 - 0x000001e3dae34000 	D:\JavaFX\bin\api-ms-win-core-interlocked-l1-1-0.dll
0x000001e3dae40000 - 0x000001e3dae44000 	D:\JavaFX\bin\api-ms-win-core-libraryloader-l1-1-0.dll
0x000001e3dae50000 - 0x000001e3dae54000 	D:\JavaFX\bin\api-ms-win-core-localization-l1-2-0.dll
0x000001e3dae60000 - 0x000001e3dae64000 	D:\JavaFX\bin\api-ms-win-core-memory-l1-1-0.dll
0x000001e3dae70000 - 0x000001e3dae74000 	D:\JavaFX\bin\api-ms-win-core-namedpipe-l1-1-0.dll
0x000001e3dae80000 - 0x000001e3dae84000 	D:\JavaFX\bin\api-ms-win-core-processenvironment-l1-1-0.dll
0x000001e3dae90000 - 0x000001e3dae94000 	D:\JavaFX\bin\api-ms-win-core-processthreads-l1-1-0.dll
0x000001e3daea0000 - 0x000001e3daea4000 	D:\JavaFX\bin\api-ms-win-core-processthreads-l1-1-1.dll
0x000001e3daeb0000 - 0x000001e3daeb4000 	D:\JavaFX\bin\api-ms-win-core-profile-l1-1-0.dll
0x000001e3daec0000 - 0x000001e3daec4000 	D:\JavaFX\bin\api-ms-win-core-rtlsupport-l1-1-0.dll
0x000001e3daed0000 - 0x000001e3daed4000 	D:\JavaFX\bin\api-ms-win-core-string-l1-1-0.dll
0x000001e3daee0000 - 0x000001e3daee4000 	D:\JavaFX\bin\api-ms-win-core-synch-l1-1-0.dll
0x000001e3daef0000 - 0x000001e3daef4000 	D:\JavaFX\bin\api-ms-win-core-synch-l1-2-0.dll
0x000001e3daf00000 - 0x000001e3daf04000 	D:\JavaFX\bin\api-ms-win-core-sysinfo-l1-1-0.dll
0x000001e3daf10000 - 0x000001e3daf14000 	D:\JavaFX\bin\api-ms-win-core-timezone-l1-1-0.dll
0x000001e3daf20000 - 0x000001e3daf24000 	D:\JavaFX\bin\api-ms-win-core-util-l1-1-0.dll
0x000001e3daf30000 - 0x000001e3daf34000 	D:\JavaFX\bin\api-ms-win-crt-conio-l1-1-0.dll
0x000001e3daf40000 - 0x000001e3daf45000 	D:\JavaFX\bin\api-ms-win-crt-convert-l1-1-0.dll
0x000001e3daf50000 - 0x000001e3daf54000 	D:\JavaFX\bin\api-ms-win-crt-environment-l1-1-0.dll
0x000001e3daf60000 - 0x000001e3daf64000 	D:\JavaFX\bin\api-ms-win-crt-filesystem-l1-1-0.dll
0x000001e3daf70000 - 0x000001e3daf74000 	D:\JavaFX\bin\api-ms-win-crt-heap-l1-1-0.dll
0x000001e3daf80000 - 0x000001e3daf84000 	D:\JavaFX\bin\api-ms-win-crt-locale-l1-1-0.dll
0x000001e3daf90000 - 0x000001e3daf96000 	D:\JavaFX\bin\api-ms-win-crt-math-l1-1-0.dll
0x000001e3dafa0000 - 0x000001e3dafa6000 	D:\JavaFX\bin\api-ms-win-crt-multibyte-l1-1-0.dll
0x000001e3dafb0000 - 0x000001e3dafc1000 	D:\JavaFX\bin\api-ms-win-crt-private-l1-1-0.dll
0x000001e3dafd0000 - 0x000001e3dafd4000 	D:\JavaFX\bin\api-ms-win-crt-process-l1-1-0.dll
0x000001e3dafe0000 - 0x000001e3dafe5000 	D:\JavaFX\bin\api-ms-win-crt-runtime-l1-1-0.dll
0x000001e3daff0000 - 0x000001e3daff5000 	D:\JavaFX\bin\api-ms-win-crt-stdio-l1-1-0.dll
0x000001e420fd0000 - 0x000001e420fd5000 	D:\JavaFX\bin\api-ms-win-crt-string-l1-1-0.dll
0x000001e420fe0000 - 0x000001e420fe4000 	D:\JavaFX\bin\api-ms-win-crt-time-l1-1-0.dll
0x000001e420ff0000 - 0x000001e420ff4000 	D:\JavaFX\bin\api-ms-win-crt-utility-l1-1-0.dll
0x00007ffba6940000 - 0x00007ffba6a51000 	D:\JavaFX\bin\ucrtbase.dll
0x00007ffbeb760000 - 0x00007ffbeb77b000 	D:\JavaFX\bin\vcruntime140.dll
0x00007ffbeb7d0000 - 0x00007ffbeb7dc000 	D:\JavaFX\bin\vcruntime140_1.dll
0x00007ffba66c0000 - 0x00007ffba674e000 	D:\JavaFX\bin\msvcp140.dll
0x00007ffbeb5f0000 - 0x00007ffbeb5f9000 	D:\JavaFX\bin\msvcp140_1.dll
0x00007ffbdb690000 - 0x00007ffbdb6d1000 	D:\JavaFX\bin\msvcp140_2.dll
0x00007ffbd8120000 - 0x00007ffbd8150000 	D:\JavaFX\bin\prism_d3d.dll
0x00007ffbbe490000 - 0x00007ffbbe638000 	C:\Windows\system32\d3d9.dll
0x00007ffc1a8f0000 - 0x00007ffc1a91e000 	C:\Windows\SYSTEM32\dwmapi.dll
0x00007ffc1a5c0000 - 0x00007ffc1a5f7000 	C:\Windows\SYSTEM32\dxcore.dll
0x00007ffc1a4c0000 - 0x00007ffc1a573000 	C:\Windows\system32\uxtheme.dll
0x00007ffc0eb10000 - 0x00007ffc0ebd1000 	C:\Windows\System32\DriverStore\FileRepository\nv_dispig.inf_amd64_0afec3f2050014a0\nvldumdx.dll
0x00007ffc1c9f0000 - 0x00007ffc1ca02000 	C:\Windows\SYSTEM32\msasn1.dll
0x00007ffc171b0000 - 0x00007ffc171e2000 	C:\Windows\SYSTEM32\cryptnet.dll
0x00007ffc1cfb0000 - 0x00007ffc1d117000 	C:\Windows\System32\CRYPT32.dll
0x00007ffc1c550000 - 0x00007ffc1c55c000 	C:\Windows\SYSTEM32\cryptbase.dll
0x00007ffc1c600000 - 0x00007ffc1c650000 	C:\Windows\SYSTEM32\wldp.dll
0x00007ffc16f90000 - 0x00007ffc170f2000 	C:\Windows\SYSTEM32\drvstore.dll
0x00007ffc1ca10000 - 0x00007ffc1ca3c000 	C:\Windows\SYSTEM32\devobj.dll
0x00007ffc1ca40000 - 0x00007ffc1ca8e000 	C:\Windows\SYSTEM32\cfgmgr32.dll
0x00007ffc1cf00000 - 0x00007ffc1cf7c000 	C:\Windows\System32\wintrust.dll
0x00007ffc1e050000 - 0x00007ffc1e06f000 	C:\Windows\System32\imagehlp.dll
0x00007ffc1c560000 - 0x00007ffc1c57b000 	C:\Windows\SYSTEM32\CRYPTSP.dll
0x00007ffc1bde0000 - 0x00007ffc1be17000 	C:\Windows\system32\rsaenh.dll
0x00007ffc0b950000 - 0x00007ffc0d93e000 	C:\Windows\System32\DriverStore\FileRepository\nv_dispig.inf_amd64_0afec3f2050014a0\nvgpucomp64.dll
0x00007ffb8e150000 - 0x00007ffb8fbe4000 	C:\Windows\System32\DriverStore\FileRepository\nv_dispig.inf_amd64_0afec3f2050014a0\nvd3dumx.dll
0x00007ffc15eb0000 - 0x00007ffc15ef9000 	C:\Windows\SYSTEM32\directxdatabasehelper.dll
0x00007ffbbdae0000 - 0x00007ffbbdb28000 	D:\JavaFX\bin\glass.dll
0x00007ffc1eb40000 - 0x00007ffc1ec45000 	C:\Windows\System32\COMDLG32.dll
0x00007ffc1e860000 - 0x00007ffc1e910000 	C:\Windows\System32\clbcatq.dll
0x00007ffc152e0000 - 0x00007ffc1545e000 	C:\Windows\System32\Windows.UI.dll
0x00007ffbfc0a0000 - 0x00007ffbfc18d000 	C:\Windows\System32\Windows.Networking.Connectivity.dll
0x00007ffc1e9e0000 - 0x00007ffc1eb3e000 	C:\Windows\System32\MSCTF.dll
0x00007ffbeb880000 - 0x00007ffbebb50000 	C:\Windows\system32\nvspcap64.dll
0x00007ffc1bf90000 - 0x00007ffc1bfc4000 	C:\Windows\SYSTEM32\ntmarta.dll
0x00007ffc1c390000 - 0x00007ffc1c3b6000 	C:\Windows\SYSTEM32\gpapi.dll
0x00007ffbec5e0000 - 0x00007ffbec735000 	C:\Windows\System32\DriverStore\FileRepository\nv_dispig.inf_amd64_0afec3f2050014a0\nvppex.dll

JVMTI agents:
D:\IntelliJ IDEA 2023.2.4\lib\idea_rt.jar path:C:\Users\Florido\.jdks\openjdk-24.0.1\bin\instrument.dll, loaded, initialized, instrumentlib options:55773:D:\IntelliJ IDEA 2023.2.4\bin

dbghelp: loaded successfully - version: 4.0.5 - missing functions: none
symbol engine: initialized successfully - sym options: 0x614 - pdb path: .;C:\Users\Florido\.jdks\openjdk-24.0.1\bin;C:\Windows\SYSTEM32;C:\Windows\WinSxS\amd64_microsoft.windows.common-controls_6595b64144ccf1df_6.0.22621.5262_none_2712bde373830908;C:\Users\Florido\.jdks\openjdk-24.0.1\bin\server;D:\IntelliJ IDEA 2023.2.4\bin;D:\JavaFX\bin;C:\Windows\System32\DriverStore\FileRepository\nv_dispig.inf_amd64_0afec3f2050014a0;C:\Program Files\Common Files\Microsoft Shared\Ink

VM Arguments:
jvm_args: --module-path=D:\JavaFX\lib --add-modules=javafx.fxml,javafx.controls -javaagent:D:\IntelliJ IDEA 2023.2.4\lib\idea_rt.jar=55773:D:\IntelliJ IDEA 2023.2.4\bin -Dfile.encoding=UTF-8 -Dsun.stdout.encoding=UTF-8 -Dsun.stderr.encoding=UTF-8 
java_command: application.Main
java_class_path (initial): D:\POO-JAVA\InventorySystem\target\classes;C:\Users\Florido\.m2\repository\com\mysql\mysql-connector-j\8.0.33\mysql-connector-j-8.0.33.jar;C:\Users\Florido\.m2\repository\com\google\protobuf\protobuf-java\3.21.9\protobuf-java-3.21.9.jar;D:\JavaFX\lib\javafx-swt.jar;D:\JavaFX\lib\javafx.base.jar;D:\JavaFX\lib\javafx.controls.jar;D:\JavaFX\lib\javafx.fxml.jar;D:\JavaFX\lib\javafx.graphics.jar;D:\JavaFX\lib\javafx.media.jar;D:\JavaFX\lib\javafx.swing.jar;D:\JavaFX\lib\javafx.web.jar;D:\JavaFX\lib\jdk.jsobject.jar;D:\JavaFX\lib\jfx.incubator.input.jar;D:\JavaFX\lib\jfx.incubator.richtext.jar
Launcher Type: SUN_STANDARD

[Global flags]
     intx CICompilerCount                          = 4                                         {product} {ergonomic}
     uint ConcGCThreads                            = 3                                         {product} {ergonomic}
     uint G1ConcRefinementThreads                  = 10                                        {product} {ergonomic}
   size_t G1HeapRegionSize                         = 2097152                                   {product} {ergonomic}
   size_t InitialHeapSize                          = 266338304                                 {product} {ergonomic}
   size_t MarkStackSize                            = 4194304                                   {product} {ergonomic}
   size_t MarkStackSizeMax                         = 536870912                                 {product} {ergonomic}
   size_t MaxHeapSize                              = 4261412864                                {product} {ergonomic}
   size_t MaxNewSize                               = 2556428288                                {product} {ergonomic}
   size_t MinHeapDeltaBytes                        = 2097152                                   {product} {ergonomic}
   size_t MinHeapSize                              = 8388608                                   {product} {ergonomic}
    uintx NonNMethodCodeHeapSize                   = 5832704                                {pd product} {ergonomic}
    uintx NonProfiledCodeHeapSize                  = 122945536                              {pd product} {ergonomic}
    uintx ProfiledCodeHeapSize                     = 122880000                              {pd product} {ergonomic}
    uintx ReservedCodeCacheSize                    = 251658240                              {pd product} {ergonomic}
     bool SegmentedCodeCache                       = true                                      {product} {ergonomic}
   size_t SoftMaxHeapSize                          = 4261412864                             {manageable} {ergonomic}
     bool UseCompressedOops                        = true                           {product lp64_product} {ergonomic}
     bool UseG1GC                                  = true                                      {product} {ergonomic}
     bool UseLargePagesIndividualAllocation        = false                                  {pd product} {ergonomic}

Logging:
Log output configuration:
 #0: stdout all=warning uptime,level,tags foldmultilines=false
 #1: stderr all=off uptime,level,tags foldmultilines=false

Environment Variables:
PATH=C:\Program Files\Common Files\Oracle\Java\javapath;C:\Program Files (x86)\Common Files\Oracle\Java\java8path;C:\Program Files (x86)\Common Files\Oracle\Java\javapath;C:\Program Files (x86)\Razer Chroma SDK\bin;C:\Program Files\Razer Chroma SDK\bin;C:\Program Files (x86)\Razer\ChromaBroadcast\bin;C:\Program Files\Razer\ChromaBroadcast\bin;C:\Program Files\Microsoft\jdk-11.0.16.101-hotspot\bin;C:\Windows\system32;C:\Windows;C:\Windows\System32\Wbem;C:\Windows\System32\WindowsPowerShell\v1.0\;C:\Windows\System32\OpenSSH\;C:\Program Files (x86)\NVIDIA Corporation\PhysX\Common;C:\Program Files\NVIDIA Corporation\NVIDIA NvDLISR;C:\wxwidgets\lib\vc14x_x64_dll;C:\Users\Florido\AppData\Local\Microsoft\WindowsApps;C:\Users\Florido\AppData\Local\Programs\Microsoft VS Code\bin;C:\MinGW\bin;C:\Users\Florido\AppData\Local\GitHubDesktop\bin;D:\Node\;C:\Program Files\Git\cmd;C:\Users\Florido\AppData\Local\Microsoft\WindowsApps;C:\Users\Florido\AppData\Local\Programs\Microsoft VS Code\bin;C:\MinGW\bin;C:\Users\Florido\AppData\Roaming\npm
USERNAME=Florido
OS=Windows_NT
PROCESSOR_IDENTIFIER=AMD64 Family 23 Model 96 Stepping 1, AuthenticAMD
TMP=C:\Users\Florido\AppData\Local\Temp
TEMP=C:\Users\Florido\AppData\Local\Temp




Periodic native trim disabled

---------------  S Y S T E M  ---------------

OS:
 Windows 11 , 64 bit Build 22621 (10.0.22621.5262)
OS uptime: 0 days 8:53 hours

CPU: total 12 (initial active 12) (12 cores per cpu, 2 threads per core) family 23 model 96 stepping 1 microcode 0x0, cx8, cmov, fxsr, ht, mmx, 3dnowpref, sse, sse2, sse3, ssse3, sse4a, sse4.1, sse4.2, popcnt, lzcnt, tsc, tscinvbit, avx, avx2, aes, clmul, bmi1, bmi2, adx, sha, fma, vzeroupper, clflush, clflushopt, rdtscp, rdpid, f16c
Processor Information for the first 12 processors :
  Max Mhz: 3600, Current Mhz: 3600, Mhz Limit: 3600

Memory: 4k page, system-wide physical 16252M (3414M free)
TotalPageFile size 21368M (AvailPageFile size 0M)
current process WorkingSet (physical memory assigned to process): 165M, peak: 191M
current process commit charge ("private bytes"): 235M, peak: 443M

vm_info: OpenJDK 64-Bit Server VM (24.0.1+9-30) for windows-amd64 JRE (24.0.1+9-30), built on 2025-03-05T07:23:45Z with MS VC++ 17.6 (VS2022)

END.
